<?xml version="1.0" encoding="UTF-8"?>
<testsuite xmlns:xsi="http://www.w3.org/2001/XMLSchema-instance" xsi:noNamespaceSchemaLocation="https://maven.apache.org/surefire/maven-surefire-plugin/xsd/surefire-test-report.xsd" name="gt.ethier.axonet.AppTest" time="0.062" tests="1" errors="0" skipped="0" failures="0">
  <properties>
    <property name="sun.desktop" value="windows"/>
    <property name="awt.toolkit" value="sun.awt.windows.WToolkit"/>
    <property name="file.encoding.pkg" value="sun.io"/>
    <property name="java.specification.version" value="1.8"/>
    <property name="sun.cpu.isalist" value="pentium_pro+mmx pentium_pro pentium+mmx pentium i486 i386 i86"/>
    <property name="sun.jnu.encoding" value="Cp1252"/>
    <property name="java.class.path" value="C:\Users\mritch3\Desktop\AxoNet-fiji\target\test-classes;C:\Users\mritch3\Desktop\AxoNet-fiji\target\classes;C:\Users\mritch3\.m2\repository\net\imagej\imagej\2.0.0-rc-71\imagej-2.0.0-rc-71.jar;C:\Users\mritch3\.m2\repository\net\imagej\imagej-common\0.28.2\imagej-common-0.28.2.jar;C:\Users\mritch3\.m2\repository\edu\ucar\udunits\4.3.18\udunits-4.3.18.jar;C:\Users\mritch3\.m2\repository\net\imagej\imagej-notebook\0.7.1\imagej-notebook-0.7.1.jar;C:\Users\mritch3\.m2\repository\org\apache\commons\commons-text\1.6\commons-text-1.6.jar;C:\Users\mritch3\.m2\repository\org\knowm\xchart\xchart\3.5.4\xchart-3.5.4.jar;C:\Users\mritch3\.m2\repository\de\erichseifert\vectorgraphics2d\VectorGraphics2D\0.13\VectorGraphics2D-0.13.jar;C:\Users\mritch3\.m2\repository\net\imagej\imagej-ops\0.43.2\imagej-ops-0.43.2.jar;C:\Users\mritch3\.m2\repository\net\imagej\imagej-mesh\0.7.1\imagej-mesh-0.7.1.jar;C:\Users\mritch3\.m2\repository\net\imglib2\imglib2-algorithm\0.11.1\imglib2-algorithm-0.11.1.jar;C:\Users\mritch3\.m2\repository\net\imglib2\imglib2-algorithm-fft\0.2.0\imglib2-algorithm-fft-0.2.0.jar;C:\Users\mritch3\.m2\repository\edu\mines\mines-jtk\20151125\mines-jtk-20151125.jar;C:\Users\mritch3\.m2\repository\net\imglib2\imglib2-realtransform\2.2.1\imglib2-realtransform-2.2.1.jar;C:\Users\mritch3\.m2\repository\jitk\jitk-tps\3.0.1\jitk-tps-3.0.1.jar;C:\Users\mritch3\.m2\repository\com\googlecode\efficient-java-matrix-library\ejml\0.24\ejml-0.24.jar;C:\Users\mritch3\.m2\repository\log4j\log4j\1.2.17\log4j-1.2.17.jar;C:\Users\mritch3\.m2\repository\org\scijava\parsington\1.0.4\parsington-1.0.4.jar;C:\Users\mritch3\.m2\repository\org\scijava\scripting-javascript\0.4.4\scripting-javascript-0.4.4.jar;C:\Users\mritch3\.m2\repository\org\apache\commons\commons-math3\3.6.1\commons-math3-3.6.1.jar;C:\Users\mritch3\.m2\repository\org\joml\joml\1.9.12\joml-1.9.12.jar;C:\Users\mritch3\.m2\repository\org\ojalgo\ojalgo\45.1.1\ojalgo-45.1.1.jar;C:\Users\mritch3\.m2\repository\gov\nist\math\jama\1.0.3\jama-1.0.3.jar;C:\Users\mritch3\.m2\repository\net\imagej\imagej-updater\0.9.3\imagej-updater-0.9.3.jar;C:\Users\mritch3\.m2\repository\io\scif\scifio\0.37.3\scifio-0.37.3.jar;C:\Users\mritch3\.m2\repository\io\scif\scifio-jai-imageio\1.1.1\scifio-jai-imageio-1.1.1.jar;C:\Users\mritch3\.m2\repository\net\imglib2\imglib2-cache\1.0.0-beta-11\imglib2-cache-1.0.0-beta-11.jar;C:\Users\mritch3\.m2\repository\com\github\ben-manes\caffeine\caffeine\2.4.0\caffeine-2.4.0.jar;C:\Users\mritch3\.m2\repository\org\scijava\scijava-common\2.77.0\scijava-common-2.77.0.jar;C:\Users\mritch3\.m2\repository\org\bushe\eventbus\1.4\eventbus-1.4.jar;C:\Users\mritch3\.m2\repository\net\imagej\imagej-plugins-batch\0.1.1\imagej-plugins-batch-0.1.1.jar;C:\Users\mritch3\.m2\repository\org\scijava\batch-processor\0.3.0\batch-processor-0.3.0.jar;C:\Users\mritch3\.m2\repository\commons-io\commons-io\2.6\commons-io-2.6.jar;C:\Users\mritch3\.m2\repository\net\imagej\imagej-deprecated\0.1.2\imagej-deprecated-0.1.2.jar;C:\Users\mritch3\.m2\repository\net\imagej\imagej-plugins-commands\0.8.1\imagej-plugins-commands-0.8.1.jar;C:\Users\mritch3\.m2\repository\com\github\sbridges\object-inspector\object-inspector\0.1\object-inspector-0.1.jar;C:\Users\mritch3\.m2\repository\net\iharder\base64\2.3.8\base64-2.3.8.jar;C:\Users\mritch3\.m2\repository\net\imagej\imagej-plugins-tools\0.3.1\imagej-plugins-tools-0.3.1.jar;C:\Users\mritch3\.m2\repository\net\imagej\imagej-plugins-uploader-ssh\0.3.2\imagej-plugins-uploader-ssh-0.3.2.jar;C:\Users\mritch3\.m2\repository\com\jcraft\jsch\0.1.55\jsch-0.1.55.jar;C:\Users\mritch3\.m2\repository\net\imagej\imagej-plugins-uploader-webdav\0.2.2\imagej-plugins-uploader-webdav-0.2.2.jar;C:\Users\mritch3\.m2\repository\net\imagej\imagej-scripting\0.8.2\imagej-scripting-0.8.2.jar;C:\Users\mritch3\.m2\repository\org\scijava\scripting-beanshell\0.3.3\scripting-beanshell-0.3.3.jar;C:\Users\mritch3\.m2\repository\org\apache-extras\beanshell\bsh\2.0b6\bsh-2.0b6.jar;C:\Users\mritch3\.m2\repository\org\scijava\scripting-clojure\0.1.6\scripting-clojure-0.1.6.jar;C:\Users\mritch3\.m2\repository\org\clojure\clojure\1.8.0\clojure-1.8.0.jar;C:\Users\mritch3\.m2\repository\org\scijava\scripting-groovy\0.2.7\scripting-groovy-0.2.7.jar;C:\Users\mritch3\.m2\repository\org\codehaus\groovy\groovy\2.4.8\groovy-2.4.8.jar;C:\Users\mritch3\.m2\repository\org\apache\ivy\ivy\2.4.0\ivy-2.4.0.jar;C:\Users\mritch3\.m2\repository\org\codehaus\gpars\gpars\1.2.1\gpars-1.2.1.jar;C:\Users\mritch3\.m2\repository\org\multiverse\multiverse-core\0.7.0\multiverse-core-0.7.0.jar;C:\Users\mritch3\.m2\repository\org\codehaus\jsr166-mirror\jsr166y\1.7.0\jsr166y-1.7.0.jar;C:\Users\mritch3\.m2\repository\org\scijava\scripting-java\0.4.1\scripting-java-0.4.1.jar;C:\Users\mritch3\.m2\repository\org\scijava\minimaven\2.2.1\minimaven-2.2.1.jar;C:\Users\mritch3\.m2\repository\org\scijava\scripting-jruby\0.3.0\scripting-jruby-0.3.0.jar;C:\Users\mritch3\.m2\repository\org\jruby\jruby-core\9.1.17.0\jruby-core-9.1.17.0.jar;C:\Users\mritch3\.m2\repository\com\github\jnr\jnr-netdb\1.1.6\jnr-netdb-1.1.6.jar;C:\Users\mritch3\.m2\repository\com\github\jnr\jnr-enxio\0.16\jnr-enxio-0.16.jar;C:\Users\mritch3\.m2\repository\com\github\jnr\jnr-x86asm\1.0.2\jnr-x86asm-1.0.2.jar;C:\Users\mritch3\.m2\repository\com\github\jnr\jnr-unixsocket\0.17\jnr-unixsocket-0.17.jar;C:\Users\mritch3\.m2\repository\com\github\jnr\jnr-posix\3.0.44\jnr-posix-3.0.44.jar;C:\Users\mritch3\.m2\repository\com\github\jnr\jnr-constants\0.9.9\jnr-constants-0.9.9.jar;C:\Users\mritch3\.m2\repository\com\github\jnr\jffi\1.2.16\jffi-1.2.16.jar;C:\Users\mritch3\.m2\repository\com\github\jnr\jffi\1.2.16\jffi-1.2.16-native.jar;C:\Users\mritch3\.m2\repository\org\jruby\joni\joni\2.1.15\joni-2.1.15.jar;C:\Users\mritch3\.m2\repository\org\jruby\extras\bytelist\1.0.15\bytelist-1.0.15.jar;C:\Users\mritch3\.m2\repository\org\jruby\jcodings\jcodings\1.0.27\jcodings-1.0.27.jar;C:\Users\mritch3\.m2\repository\org\jruby\dirgra\0.3\dirgra-0.3.jar;C:\Users\mritch3\.m2\repository\com\headius\invokebinder\1.10\invokebinder-1.10.jar;C:\Users\mritch3\.m2\repository\com\headius\options\1.4\options-1.4.jar;C:\Users\mritch3\.m2\repository\com\headius\unsafe-fences\1.0\unsafe-fences-1.0.jar;C:\Users\mritch3\.m2\repository\com\jcraft\jzlib\1.1.3\jzlib-1.1.3.jar;C:\Users\mritch3\.m2\repository\com\martiansoftware\nailgun-server\0.9.1\nailgun-server-0.9.1.jar;C:\Users\mritch3\.m2\repository\joda-time\joda-time\2.10.1\joda-time-2.10.1.jar;C:\Users\mritch3\.m2\repository\com\headius\modulator\1.0\modulator-1.0.jar;C:\Users\mritch3\.m2\repository\org\jruby\jruby-stdlib\9.1.17.0\jruby-stdlib-9.1.17.0.jar;C:\Users\mritch3\.m2\repository\org\scijava\scripting-jython\0.4.2\scripting-jython-0.4.2.jar;C:\Users\mritch3\.m2\repository\org\scijava\jython-shaded\2.7.1.1\jython-shaded-2.7.1.1.jar;C:\Users\mritch3\.m2\repository\org\scijava\scripting-renjin\0.2.2\scripting-renjin-0.2.2.jar;C:\Users\mritch3\.m2\repository\org\renjin\renjin-script-engine\0.8.1906\renjin-script-engine-0.8.1906.jar;C:\Users\mritch3\.m2\repository\org\renjin\renjin-core\0.8.1906\renjin-core-0.8.1906.jar;C:\Users\mritch3\.m2\repository\org\apache\commons\commons-math\2.2\commons-math-2.2.jar;C:\Users\mritch3\.m2\repository\org\renjin\gcc-runtime\0.8.1906\gcc-runtime-0.8.1906.jar;C:\Users\mritch3\.m2\repository\org\netlib\netlib-java\0.9.3-renjin-patched-2\netlib-java-0.9.3-renjin-patched-2.jar;C:\Users\mritch3\.m2\repository\org\netlib\lapack\0.8\lapack-0.8.jar;C:\Users\mritch3\.m2\repository\org\netlib\f2jutil\0.8\f2jutil-0.8.jar;C:\Users\mritch3\.m2\repository\org\netlib\xerbla\0.8\xerbla-0.8.jar;C:\Users\mritch3\.m2\repository\org\netlib\blas\0.8\blas-0.8.jar;C:\Users\mritch3\.m2\repository\org\apache\commons\commons-vfs2\2.0\commons-vfs2-2.0.jar;C:\Users\mritch3\.m2\repository\commons-logging\commons-logging\1.2\commons-logging-1.2.jar;C:\Users\mritch3\.m2\repository\org\apache\maven\scm\maven-scm-api\1.4\maven-scm-api-1.4.jar;C:\Users\mritch3\.m2\repository\org\codehaus\plexus\plexus-utils\1.5.6\plexus-utils-1.5.6.jar;C:\Users\mritch3\.m2\repository\org\apache\maven\scm\maven-scm-provider-svnexe\1.4\maven-scm-provider-svnexe-1.4.jar;C:\Users\mritch3\.m2\repository\org\apache\maven\scm\maven-scm-provider-svn-commons\1.4\maven-scm-provider-svn-commons-1.4.jar;C:\Users\mritch3\.m2\repository\regexp\regexp\1.3\regexp-1.3.jar;C:\Users\mritch3\.m2\repository\org\apache\commons\commons-compress\1.4.1\commons-compress-1.4.1.jar;C:\Users\mritch3\.m2\repository\org\tukaani\xz\1.0\xz-1.0.jar;C:\Users\mritch3\.m2\repository\edu\emory\mathcs\jtransforms\2.4\jtransforms-2.4.jar;C:\Users\mritch3\.m2\repository\net\sf\jung\jung-api\2.0.1\jung-api-2.0.1.jar;C:\Users\mritch3\.m2\repository\net\sourceforge\collections\collections-generic\4.01\collections-generic-4.01.jar;C:\Users\mritch3\.m2\repository\net\sf\jung\jung-graph-impl\2.0.1\jung-graph-impl-2.0.1.jar;C:\Users\mritch3\.m2\repository\org\ow2\asm\asm\5.0.4\asm-5.0.4.jar;C:\Users\mritch3\.m2\repository\org\ow2\asm\asm-util\5.0.4\asm-util-5.0.4.jar;C:\Users\mritch3\.m2\repository\org\ow2\asm\asm-tree\5.0.4\asm-tree-5.0.4.jar;C:\Users\mritch3\.m2\repository\org\ow2\asm\asm-commons\5.0.4\asm-commons-5.0.4.jar;C:\Users\mritch3\.m2\repository\com\google\guava\guava\21.0\guava-21.0.jar;C:\Users\mritch3\.m2\repository\com\sun\codemodel\codemodel\2.6\codemodel-2.6.jar;C:\Users\mritch3\.m2\repository\org\renjin\stats\0.8.1906\stats-0.8.1906.jar;C:\Users\mritch3\.m2\repository\org\renjin\renjin-appl\0.8.1906\renjin-appl-0.8.1906.jar;C:\Users\mritch3\.m2\repository\org\renjin\renjin-gnur-runtime\0.8.1906\renjin-gnur-runtime-0.8.1906.jar;C:\Users\mritch3\.m2\repository\org\renjin\methods\0.8.1906\methods-0.8.1906.jar;C:\Users\mritch3\.m2\repository\org\renjin\datasets\0.8.1906\datasets-0.8.1906.jar;C:\Users\mritch3\.m2\repository\org\renjin\utils\0.8.1906\utils-0.8.1906.jar;C:\Users\mritch3\.m2\repository\org\renjin\grDevices\0.8.1906\grDevices-0.8.1906.jar;C:\Users\mritch3\.m2\repository\org\renjin\graphics\0.8.1906\graphics-0.8.1906.jar;C:\Users\mritch3\.m2\repository\org\scijava\scripting-scala\0.2.1\scripting-scala-0.2.1.jar;C:\Users\mritch3\.m2\repository\org\scala-lang\scala-compiler\2.12.1\scala-compiler-2.12.1.jar;C:\Users\mritch3\.m2\repository\org\scala-lang\scala-library\2.12.1\scala-library-2.12.1.jar;C:\Users\mritch3\.m2\repository\org\scala-lang\scala-reflect\2.12.1\scala-reflect-2.12.1.jar;C:\Users\mritch3\.m2\repository\org\scala-lang\modules\scala-xml_2.12\1.0.6\scala-xml_2.12-1.0.6.jar;C:\Users\mritch3\.m2\repository\net\imagej\imagej-ui-swing\0.22.0\imagej-ui-swing-0.22.0.jar;C:\Users\mritch3\.m2\repository\com\miglayout\miglayout\3.7.4\miglayout-3.7.4-swing.jar;C:\Users\mritch3\.m2\repository\org\jfree\jfreechart\1.5.0\jfreechart-1.5.0.jar;C:\Users\mritch3\.m2\repository\org\jhotdraw\jhotdraw\7.6.0\jhotdraw-7.6.0.jar;C:\Users\mritch3\.m2\repository\net\imagej\imagej-ui-awt\0.3.1\imagej-ui-awt-0.3.1.jar;C:\Users\mritch3\.m2\repository\org\scijava\scijava-plugins-commands\0.2.3\scijava-plugins-commands-0.2.3.jar;C:\Users\mritch3\.m2\repository\org\scijava\scijava-plugins-platforms\0.3.1\scijava-plugins-platforms-0.3.1.jar;C:\Users\mritch3\.m2\repository\org\scijava\scijava-plugins-text-markdown\0.1.3\scijava-plugins-text-markdown-0.1.3.jar;C:\Users\mritch3\.m2\repository\org\markdownj\markdownj\0.3.0-1.0.2b4\markdownj-0.3.0-1.0.2b4.jar;C:\Users\mritch3\.m2\repository\org\scijava\scijava-plugins-text-plain\0.1.3\scijava-plugins-text-plain-0.1.3.jar;C:\Users\mritch3\.m2\repository\org\apache\commons\commons-lang3\3.8.1\commons-lang3-3.8.1.jar;C:\Users\mritch3\.m2\repository\org\scijava\script-editor\0.5.0\script-editor-0.5.0.jar;C:\Users\mritch3\.m2\repository\com\fifesoft\rsyntaxtextarea\2.6.1\rsyntaxtextarea-2.6.1.jar;C:\Users\mritch3\.m2\repository\com\fifesoft\languagesupport\2.6.0\languagesupport-2.6.0.jar;C:\Users\mritch3\.m2\repository\com\fifesoft\autocomplete\2.6.1\autocomplete-2.6.1.jar;C:\Users\mritch3\.m2\repository\org\mozilla\rhino\1.7.6\rhino-1.7.6.jar;C:\Users\mritch3\.m2\repository\net\imagej\imagej-legacy\0.35.0\imagej-legacy-0.35.0.jar;C:\Users\mritch3\.m2\repository\net\imagej\ij1-patcher\0.12.9\ij1-patcher-0.12.9.jar;C:\Users\mritch3\.m2\repository\net\imagej\ij\1.52o\ij-1.52o.jar;C:\Users\mritch3\.m2\repository\net\imglib2\imglib2\5.6.3\imglib2-5.6.3.jar;C:\Users\mritch3\.m2\repository\net\imglib2\imglib2-ij\2.0.0-beta-44\imglib2-ij-2.0.0-beta-44.jar;C:\Users\mritch3\.m2\repository\net\imglib2\imglib2-roi\0.7.0\imglib2-roi-0.7.0.jar;C:\Users\mritch3\.m2\repository\net\sf\trove4j\trove4j\3.0.3\trove4j-3.0.3.jar;C:\Users\mritch3\.m2\repository\org\scijava\scijava-search\0.6.0\scijava-search-0.6.0.jar;C:\Users\mritch3\.m2\repository\org\ocpsoft\prettytime\prettytime\4.0.1.Final\prettytime-4.0.1.Final.jar;C:\Users\mritch3\.m2\repository\org\scijava\scijava-table\0.4.0\scijava-table-0.4.0.jar;C:\Users\mritch3\.m2\repository\org\scijava\scijava-ui-awt\0.1.6\scijava-ui-awt-0.1.6.jar;C:\Users\mritch3\.m2\repository\org\scijava\scijava-ui-swing\0.12.0\scijava-ui-swing-0.12.0.jar;C:\Users\mritch3\.m2\repository\org\scijava\swing-checkbox-tree\1.0.2\swing-checkbox-tree-1.0.2.jar;C:\Users\mritch3\.m2\repository\net\sourceforge\jdatepicker\jdatepicker\1.3.2\jdatepicker-1.3.2.jar;C:\Users\mritch3\.m2\repository\org\javassist\javassist\3.24.0-GA\javassist-3.24.0-GA.jar;C:\Users\mritch3\.m2\repository\net\imagej\imagej-tensorflow\1.0.2\imagej-tensorflow-1.0.2.jar;C:\Users\mritch3\.m2\repository\org\scijava\scijava-io-http\0.2.0\scijava-io-http-0.2.0.jar;C:\Users\mritch3\.m2\repository\com\squareup\okhttp3\okhttp\3.6.0\okhttp-3.6.0.jar;C:\Users\mritch3\.m2\repository\com\squareup\okio\okio\1.11.0\okio-1.11.0.jar;C:\Users\mritch3\.m2\repository\org\tensorflow\tensorflow\1.12.0\tensorflow-1.12.0.jar;C:\Users\mritch3\.m2\repository\org\tensorflow\libtensorflow\1.12.0\libtensorflow-1.12.0.jar;C:\Users\mritch3\.m2\repository\org\tensorflow\libtensorflow_jni\1.12.0\libtensorflow_jni-1.12.0.jar;C:\Users\mritch3\.m2\repository\org\tensorflow\proto\1.12.0\proto-1.12.0.jar;C:\Users\mritch3\.m2\repository\com\google\protobuf\protobuf-java\3.5.1\protobuf-java-3.5.1.jar;C:\Users\mritch3\.m2\repository\org\la4j\la4j\0.6.0\la4j-0.6.0.jar;C:\Users\mritch3\.m2\repository\junit\junit\4.12\junit-4.12.jar;C:\Users\mritch3\.m2\repository\org\hamcrest\hamcrest-core\1.3\hamcrest-core-1.3.jar;"/>
    <property name="java.vm.vendor" value="Oracle Corporation"/>
    <property name="sun.arch.data.model" value="32"/>
    <property name="user.variant" value=""/>
    <property name="java.vendor.url" value="http://java.oracle.com/"/>
    <property name="user.timezone" value="America/New_York"/>
    <property name="java.vm.specification.version" value="1.8"/>
    <property name="os.name" value="Windows 10"/>
    <property name="user.country" value="US"/>
    <property name="sun.java.launcher" value="SUN_STANDARD"/>
    <property name="sun.boot.library.path" value="C:\Program Files (x86)\Java\jre1.8.0_201\bin"/>
    <property name="sun.java.command" value="C:\Users\mritch3\AppData\Local\Temp\surefire5128085895225527836\surefirebooter7720464874942861501.jar C:\Users\mritch3\AppData\Local\Temp\surefire5128085895225527836 2019-07-25T10-05-27_838-jvmRun1 surefire4000941795532236013tmp surefire_03874905525924453305tmp"/>
    <property name="surefire.test.class.path" value="C:\Users\mritch3\Desktop\AxoNet-fiji\target\test-classes;C:\Users\mritch3\Desktop\AxoNet-fiji\target\classes;C:\Users\mritch3\.m2\repository\net\imagej\imagej\2.0.0-rc-71\imagej-2.0.0-rc-71.jar;C:\Users\mritch3\.m2\repository\net\imagej\imagej-common\0.28.2\imagej-common-0.28.2.jar;C:\Users\mritch3\.m2\repository\edu\ucar\udunits\4.3.18\udunits-4.3.18.jar;C:\Users\mritch3\.m2\repository\net\imagej\imagej-notebook\0.7.1\imagej-notebook-0.7.1.jar;C:\Users\mritch3\.m2\repository\org\apache\commons\commons-text\1.6\commons-text-1.6.jar;C:\Users\mritch3\.m2\repository\org\knowm\xchart\xchart\3.5.4\xchart-3.5.4.jar;C:\Users\mritch3\.m2\repository\de\erichseifert\vectorgraphics2d\VectorGraphics2D\0.13\VectorGraphics2D-0.13.jar;C:\Users\mritch3\.m2\repository\net\imagej\imagej-ops\0.43.2\imagej-ops-0.43.2.jar;C:\Users\mritch3\.m2\repository\net\imagej\imagej-mesh\0.7.1\imagej-mesh-0.7.1.jar;C:\Users\mritch3\.m2\repository\net\imglib2\imglib2-algorithm\0.11.1\imglib2-algorithm-0.11.1.jar;C:\Users\mritch3\.m2\repository\net\imglib2\imglib2-algorithm-fft\0.2.0\imglib2-algorithm-fft-0.2.0.jar;C:\Users\mritch3\.m2\repository\edu\mines\mines-jtk\20151125\mines-jtk-20151125.jar;C:\Users\mritch3\.m2\repository\net\imglib2\imglib2-realtransform\2.2.1\imglib2-realtransform-2.2.1.jar;C:\Users\mritch3\.m2\repository\jitk\jitk-tps\3.0.1\jitk-tps-3.0.1.jar;C:\Users\mritch3\.m2\repository\com\googlecode\efficient-java-matrix-library\ejml\0.24\ejml-0.24.jar;C:\Users\mritch3\.m2\repository\log4j\log4j\1.2.17\log4j-1.2.17.jar;C:\Users\mritch3\.m2\repository\org\scijava\parsington\1.0.4\parsington-1.0.4.jar;C:\Users\mritch3\.m2\repository\org\scijava\scripting-javascript\0.4.4\scripting-javascript-0.4.4.jar;C:\Users\mritch3\.m2\repository\org\apache\commons\commons-math3\3.6.1\commons-math3-3.6.1.jar;C:\Users\mritch3\.m2\repository\org\joml\joml\1.9.12\joml-1.9.12.jar;C:\Users\mritch3\.m2\repository\org\ojalgo\ojalgo\45.1.1\ojalgo-45.1.1.jar;C:\Users\mritch3\.m2\repository\gov\nist\math\jama\1.0.3\jama-1.0.3.jar;C:\Users\mritch3\.m2\repository\net\imagej\imagej-updater\0.9.3\imagej-updater-0.9.3.jar;C:\Users\mritch3\.m2\repository\io\scif\scifio\0.37.3\scifio-0.37.3.jar;C:\Users\mritch3\.m2\repository\io\scif\scifio-jai-imageio\1.1.1\scifio-jai-imageio-1.1.1.jar;C:\Users\mritch3\.m2\repository\net\imglib2\imglib2-cache\1.0.0-beta-11\imglib2-cache-1.0.0-beta-11.jar;C:\Users\mritch3\.m2\repository\com\github\ben-manes\caffeine\caffeine\2.4.0\caffeine-2.4.0.jar;C:\Users\mritch3\.m2\repository\org\scijava\scijava-common\2.77.0\scijava-common-2.77.0.jar;C:\Users\mritch3\.m2\repository\org\bushe\eventbus\1.4\eventbus-1.4.jar;C:\Users\mritch3\.m2\repository\net\imagej\imagej-plugins-batch\0.1.1\imagej-plugins-batch-0.1.1.jar;C:\Users\mritch3\.m2\repository\org\scijava\batch-processor\0.3.0\batch-processor-0.3.0.jar;C:\Users\mritch3\.m2\repository\commons-io\commons-io\2.6\commons-io-2.6.jar;C:\Users\mritch3\.m2\repository\net\imagej\imagej-deprecated\0.1.2\imagej-deprecated-0.1.2.jar;C:\Users\mritch3\.m2\repository\net\imagej\imagej-plugins-commands\0.8.1\imagej-plugins-commands-0.8.1.jar;C:\Users\mritch3\.m2\repository\com\github\sbridges\object-inspector\object-inspector\0.1\object-inspector-0.1.jar;C:\Users\mritch3\.m2\repository\net\iharder\base64\2.3.8\base64-2.3.8.jar;C:\Users\mritch3\.m2\repository\net\imagej\imagej-plugins-tools\0.3.1\imagej-plugins-tools-0.3.1.jar;C:\Users\mritch3\.m2\repository\net\imagej\imagej-plugins-uploader-ssh\0.3.2\imagej-plugins-uploader-ssh-0.3.2.jar;C:\Users\mritch3\.m2\repository\com\jcraft\jsch\0.1.55\jsch-0.1.55.jar;C:\Users\mritch3\.m2\repository\net\imagej\imagej-plugins-uploader-webdav\0.2.2\imagej-plugins-uploader-webdav-0.2.2.jar;C:\Users\mritch3\.m2\repository\net\imagej\imagej-scripting\0.8.2\imagej-scripting-0.8.2.jar;C:\Users\mritch3\.m2\repository\org\scijava\scripting-beanshell\0.3.3\scripting-beanshell-0.3.3.jar;C:\Users\mritch3\.m2\repository\org\apache-extras\beanshell\bsh\2.0b6\bsh-2.0b6.jar;C:\Users\mritch3\.m2\repository\org\scijava\scripting-clojure\0.1.6\scripting-clojure-0.1.6.jar;C:\Users\mritch3\.m2\repository\org\clojure\clojure\1.8.0\clojure-1.8.0.jar;C:\Users\mritch3\.m2\repository\org\scijava\scripting-groovy\0.2.7\scripting-groovy-0.2.7.jar;C:\Users\mritch3\.m2\repository\org\codehaus\groovy\groovy\2.4.8\groovy-2.4.8.jar;C:\Users\mritch3\.m2\repository\org\apache\ivy\ivy\2.4.0\ivy-2.4.0.jar;C:\Users\mritch3\.m2\repository\org\codehaus\gpars\gpars\1.2.1\gpars-1.2.1.jar;C:\Users\mritch3\.m2\repository\org\multiverse\multiverse-core\0.7.0\multiverse-core-0.7.0.jar;C:\Users\mritch3\.m2\repository\org\codehaus\jsr166-mirror\jsr166y\1.7.0\jsr166y-1.7.0.jar;C:\Users\mritch3\.m2\repository\org\scijava\scripting-java\0.4.1\scripting-java-0.4.1.jar;C:\Users\mritch3\.m2\repository\org\scijava\minimaven\2.2.1\minimaven-2.2.1.jar;C:\Users\mritch3\.m2\repository\org\scijava\scripting-jruby\0.3.0\scripting-jruby-0.3.0.jar;C:\Users\mritch3\.m2\repository\org\jruby\jruby-core\9.1.17.0\jruby-core-9.1.17.0.jar;C:\Users\mritch3\.m2\repository\com\github\jnr\jnr-netdb\1.1.6\jnr-netdb-1.1.6.jar;C:\Users\mritch3\.m2\repository\com\github\jnr\jnr-enxio\0.16\jnr-enxio-0.16.jar;C:\Users\mritch3\.m2\repository\com\github\jnr\jnr-x86asm\1.0.2\jnr-x86asm-1.0.2.jar;C:\Users\mritch3\.m2\repository\com\github\jnr\jnr-unixsocket\0.17\jnr-unixsocket-0.17.jar;C:\Users\mritch3\.m2\repository\com\github\jnr\jnr-posix\3.0.44\jnr-posix-3.0.44.jar;C:\Users\mritch3\.m2\repository\com\github\jnr\jnr-constants\0.9.9\jnr-constants-0.9.9.jar;C:\Users\mritch3\.m2\repository\com\github\jnr\jffi\1.2.16\jffi-1.2.16.jar;C:\Users\mritch3\.m2\repository\com\github\jnr\jffi\1.2.16\jffi-1.2.16-native.jar;C:\Users\mritch3\.m2\repository\org\jruby\joni\joni\2.1.15\joni-2.1.15.jar;C:\Users\mritch3\.m2\repository\org\jruby\extras\bytelist\1.0.15\bytelist-1.0.15.jar;C:\Users\mritch3\.m2\repository\org\jruby\jcodings\jcodings\1.0.27\jcodings-1.0.27.jar;C:\Users\mritch3\.m2\repository\org\jruby\dirgra\0.3\dirgra-0.3.jar;C:\Users\mritch3\.m2\repository\com\headius\invokebinder\1.10\invokebinder-1.10.jar;C:\Users\mritch3\.m2\repository\com\headius\options\1.4\options-1.4.jar;C:\Users\mritch3\.m2\repository\com\headius\unsafe-fences\1.0\unsafe-fences-1.0.jar;C:\Users\mritch3\.m2\repository\com\jcraft\jzlib\1.1.3\jzlib-1.1.3.jar;C:\Users\mritch3\.m2\repository\com\martiansoftware\nailgun-server\0.9.1\nailgun-server-0.9.1.jar;C:\Users\mritch3\.m2\repository\joda-time\joda-time\2.10.1\joda-time-2.10.1.jar;C:\Users\mritch3\.m2\repository\com\headius\modulator\1.0\modulator-1.0.jar;C:\Users\mritch3\.m2\repository\org\jruby\jruby-stdlib\9.1.17.0\jruby-stdlib-9.1.17.0.jar;C:\Users\mritch3\.m2\repository\org\scijava\scripting-jython\0.4.2\scripting-jython-0.4.2.jar;C:\Users\mritch3\.m2\repository\org\scijava\jython-shaded\2.7.1.1\jython-shaded-2.7.1.1.jar;C:\Users\mritch3\.m2\repository\org\scijava\scripting-renjin\0.2.2\scripting-renjin-0.2.2.jar;C:\Users\mritch3\.m2\repository\org\renjin\renjin-script-engine\0.8.1906\renjin-script-engine-0.8.1906.jar;C:\Users\mritch3\.m2\repository\org\renjin\renjin-core\0.8.1906\renjin-core-0.8.1906.jar;C:\Users\mritch3\.m2\repository\org\apache\commons\commons-math\2.2\commons-math-2.2.jar;C:\Users\mritch3\.m2\repository\org\renjin\gcc-runtime\0.8.1906\gcc-runtime-0.8.1906.jar;C:\Users\mritch3\.m2\repository\org\netlib\netlib-java\0.9.3-renjin-patched-2\netlib-java-0.9.3-renjin-patched-2.jar;C:\Users\mritch3\.m2\repository\org\netlib\lapack\0.8\lapack-0.8.jar;C:\Users\mritch3\.m2\repository\org\netlib\f2jutil\0.8\f2jutil-0.8.jar;C:\Users\mritch3\.m2\repository\org\netlib\xerbla\0.8\xerbla-0.8.jar;C:\Users\mritch3\.m2\repository\org\netlib\blas\0.8\blas-0.8.jar;C:\Users\mritch3\.m2\repository\org\apache\commons\commons-vfs2\2.0\commons-vfs2-2.0.jar;C:\Users\mritch3\.m2\repository\commons-logging\commons-logging\1.2\commons-logging-1.2.jar;C:\Users\mritch3\.m2\repository\org\apache\maven\scm\maven-scm-api\1.4\maven-scm-api-1.4.jar;C:\Users\mritch3\.m2\repository\org\codehaus\plexus\plexus-utils\1.5.6\plexus-utils-1.5.6.jar;C:\Users\mritch3\.m2\repository\org\apache\maven\scm\maven-scm-provider-svnexe\1.4\maven-scm-provider-svnexe-1.4.jar;C:\Users\mritch3\.m2\repository\org\apache\maven\scm\maven-scm-provider-svn-commons\1.4\maven-scm-provider-svn-commons-1.4.jar;C:\Users\mritch3\.m2\repository\regexp\regexp\1.3\regexp-1.3.jar;C:\Users\mritch3\.m2\repository\org\apache\commons\commons-compress\1.4.1\commons-compress-1.4.1.jar;C:\Users\mritch3\.m2\repository\org\tukaani\xz\1.0\xz-1.0.jar;C:\Users\mritch3\.m2\repository\edu\emory\mathcs\jtransforms\2.4\jtransforms-2.4.jar;C:\Users\mritch3\.m2\repository\net\sf\jung\jung-api\2.0.1\jung-api-2.0.1.jar;C:\Users\mritch3\.m2\repository\net\sourceforge\collections\collections-generic\4.01\collections-generic-4.01.jar;C:\Users\mritch3\.m2\repository\net\sf\jung\jung-graph-impl\2.0.1\jung-graph-impl-2.0.1.jar;C:\Users\mritch3\.m2\repository\org\ow2\asm\asm\5.0.4\asm-5.0.4.jar;C:\Users\mritch3\.m2\repository\org\ow2\asm\asm-util\5.0.4\asm-util-5.0.4.jar;C:\Users\mritch3\.m2\repository\org\ow2\asm\asm-tree\5.0.4\asm-tree-5.0.4.jar;C:\Users\mritch3\.m2\repository\org\ow2\asm\asm-commons\5.0.4\asm-commons-5.0.4.jar;C:\Users\mritch3\.m2\repository\com\google\guava\guava\21.0\guava-21.0.jar;C:\Users\mritch3\.m2\repository\com\sun\codemodel\codemodel\2.6\codemodel-2.6.jar;C:\Users\mritch3\.m2\repository\org\renjin\stats\0.8.1906\stats-0.8.1906.jar;C:\Users\mritch3\.m2\repository\org\renjin\renjin-appl\0.8.1906\renjin-appl-0.8.1906.jar;C:\Users\mritch3\.m2\repository\org\renjin\renjin-gnur-runtime\0.8.1906\renjin-gnur-runtime-0.8.1906.jar;C:\Users\mritch3\.m2\repository\org\renjin\methods\0.8.1906\methods-0.8.1906.jar;C:\Users\mritch3\.m2\repository\org\renjin\datasets\0.8.1906\datasets-0.8.1906.jar;C:\Users\mritch3\.m2\repository\org\renjin\utils\0.8.1906\utils-0.8.1906.jar;C:\Users\mritch3\.m2\repository\org\renjin\grDevices\0.8.1906\grDevices-0.8.1906.jar;C:\Users\mritch3\.m2\repository\org\renjin\graphics\0.8.1906\graphics-0.8.1906.jar;C:\Users\mritch3\.m2\repository\org\scijava\scripting-scala\0.2.1\scripting-scala-0.2.1.jar;C:\Users\mritch3\.m2\repository\org\scala-lang\scala-compiler\2.12.1\scala-compiler-2.12.1.jar;C:\Users\mritch3\.m2\repository\org\scala-lang\scala-library\2.12.1\scala-library-2.12.1.jar;C:\Users\mritch3\.m2\repository\org\scala-lang\scala-reflect\2.12.1\scala-reflect-2.12.1.jar;C:\Users\mritch3\.m2\repository\org\scala-lang\modules\scala-xml_2.12\1.0.6\scala-xml_2.12-1.0.6.jar;C:\Users\mritch3\.m2\repository\net\imagej\imagej-ui-swing\0.22.0\imagej-ui-swing-0.22.0.jar;C:\Users\mritch3\.m2\repository\com\miglayout\miglayout\3.7.4\miglayout-3.7.4-swing.jar;C:\Users\mritch3\.m2\repository\org\jfree\jfreechart\1.5.0\jfreechart-1.5.0.jar;C:\Users\mritch3\.m2\repository\org\jhotdraw\jhotdraw\7.6.0\jhotdraw-7.6.0.jar;C:\Users\mritch3\.m2\repository\net\imagej\imagej-ui-awt\0.3.1\imagej-ui-awt-0.3.1.jar;C:\Users\mritch3\.m2\repository\org\scijava\scijava-plugins-commands\0.2.3\scijava-plugins-commands-0.2.3.jar;C:\Users\mritch3\.m2\repository\org\scijava\scijava-plugins-platforms\0.3.1\scijava-plugins-platforms-0.3.1.jar;C:\Users\mritch3\.m2\repository\org\scijava\scijava-plugins-text-markdown\0.1.3\scijava-plugins-text-markdown-0.1.3.jar;C:\Users\mritch3\.m2\repository\org\markdownj\markdownj\0.3.0-1.0.2b4\markdownj-0.3.0-1.0.2b4.jar;C:\Users\mritch3\.m2\repository\org\scijava\scijava-plugins-text-plain\0.1.3\scijava-plugins-text-plain-0.1.3.jar;C:\Users\mritch3\.m2\repository\org\apache\commons\commons-lang3\3.8.1\commons-lang3-3.8.1.jar;C:\Users\mritch3\.m2\repository\org\scijava\script-editor\0.5.0\script-editor-0.5.0.jar;C:\Users\mritch3\.m2\repository\com\fifesoft\rsyntaxtextarea\2.6.1\rsyntaxtextarea-2.6.1.jar;C:\Users\mritch3\.m2\repository\com\fifesoft\languagesupport\2.6.0\languagesupport-2.6.0.jar;C:\Users\mritch3\.m2\repository\com\fifesoft\autocomplete\2.6.1\autocomplete-2.6.1.jar;C:\Users\mritch3\.m2\repository\org\mozilla\rhino\1.7.6\rhino-1.7.6.jar;C:\Users\mritch3\.m2\repository\net\imagej\imagej-legacy\0.35.0\imagej-legacy-0.35.0.jar;C:\Users\mritch3\.m2\repository\net\imagej\ij1-patcher\0.12.9\ij1-patcher-0.12.9.jar;C:\Users\mritch3\.m2\repository\net\imagej\ij\1.52o\ij-1.52o.jar;C:\Users\mritch3\.m2\repository\net\imglib2\imglib2\5.6.3\imglib2-5.6.3.jar;C:\Users\mritch3\.m2\repository\net\imglib2\imglib2-ij\2.0.0-beta-44\imglib2-ij-2.0.0-beta-44.jar;C:\Users\mritch3\.m2\repository\net\imglib2\imglib2-roi\0.7.0\imglib2-roi-0.7.0.jar;C:\Users\mritch3\.m2\repository\net\sf\trove4j\trove4j\3.0.3\trove4j-3.0.3.jar;C:\Users\mritch3\.m2\repository\org\scijava\scijava-search\0.6.0\scijava-search-0.6.0.jar;C:\Users\mritch3\.m2\repository\org\ocpsoft\prettytime\prettytime\4.0.1.Final\prettytime-4.0.1.Final.jar;C:\Users\mritch3\.m2\repository\org\scijava\scijava-table\0.4.0\scijava-table-0.4.0.jar;C:\Users\mritch3\.m2\repository\org\scijava\scijava-ui-awt\0.1.6\scijava-ui-awt-0.1.6.jar;C:\Users\mritch3\.m2\repository\org\scijava\scijava-ui-swing\0.12.0\scijava-ui-swing-0.12.0.jar;C:\Users\mritch3\.m2\repository\org\scijava\swing-checkbox-tree\1.0.2\swing-checkbox-tree-1.0.2.jar;C:\Users\mritch3\.m2\repository\net\sourceforge\jdatepicker\jdatepicker\1.3.2\jdatepicker-1.3.2.jar;C:\Users\mritch3\.m2\repository\org\javassist\javassist\3.24.0-GA\javassist-3.24.0-GA.jar;C:\Users\mritch3\.m2\repository\net\imagej\imagej-tensorflow\1.0.2\imagej-tensorflow-1.0.2.jar;C:\Users\mritch3\.m2\repository\org\scijava\scijava-io-http\0.2.0\scijava-io-http-0.2.0.jar;C:\Users\mritch3\.m2\repository\com\squareup\okhttp3\okhttp\3.6.0\okhttp-3.6.0.jar;C:\Users\mritch3\.m2\repository\com\squareup\okio\okio\1.11.0\okio-1.11.0.jar;C:\Users\mritch3\.m2\repository\org\tensorflow\tensorflow\1.12.0\tensorflow-1.12.0.jar;C:\Users\mritch3\.m2\repository\org\tensorflow\libtensorflow\1.12.0\libtensorflow-1.12.0.jar;C:\Users\mritch3\.m2\repository\org\tensorflow\libtensorflow_jni\1.12.0\libtensorflow_jni-1.12.0.jar;C:\Users\mritch3\.m2\repository\org\tensorflow\proto\1.12.0\proto-1.12.0.jar;C:\Users\mritch3\.m2\repository\com\google\protobuf\protobuf-java\3.5.1\protobuf-java-3.5.1.jar;C:\Users\mritch3\.m2\repository\org\la4j\la4j\0.6.0\la4j-0.6.0.jar;C:\Users\mritch3\.m2\repository\junit\junit\4.12\junit-4.12.jar;C:\Users\mritch3\.m2\repository\org\hamcrest\hamcrest-core\1.3\hamcrest-core-1.3.jar;"/>
    <property name="sun.cpu.endian" value="little"/>
    <property name="user.home" value="C:\Users\mritch3"/>
    <property name="user.language" value="en"/>
    <property name="java.specification.vendor" value="Oracle Corporation"/>
    <property name="java.home" value="C:\Program Files (x86)\Java\jre1.8.0_201"/>
    <property name="basedir" value="C:\Users\mritch3\Desktop\AxoNet-fiji"/>
    <property name="file.separator" value="\"/>
    <property name="line.separator" value="&#10;"/>
    <property name="java.vm.specification.vendor" value="Oracle Corporation"/>
    <property name="java.specification.name" value="Java Platform API Specification"/>
    <property name="java.awt.graphicsenv" value="sun.awt.Win32GraphicsEnvironment"/>
    <property name="surefire.real.class.path" value="C:\Users\mritch3\AppData\Local\Temp\surefire5128085895225527836\surefirebooter7720464874942861501.jar;C:\\Users\\mritch3\\.m2\\repository\\org\\jacoco\\org.jacoco.agent\\0.8.4\\org.jacoco.agent-0.8.4-runtime.jar"/>
    <property name="sun.boot.class.path" value="C:\Program Files (x86)\Java\jre1.8.0_201\lib\resources.jar;C:\Program Files (x86)\Java\jre1.8.0_201\lib\rt.jar;C:\Program Files (x86)\Java\jre1.8.0_201\lib\sunrsasign.jar;C:\Program Files (x86)\Java\jre1.8.0_201\lib\jsse.jar;C:\Program Files (x86)\Java\jre1.8.0_201\lib\jce.jar;C:\Program Files (x86)\Java\jre1.8.0_201\lib\charsets.jar;C:\Program Files (x86)\Java\jre1.8.0_201\lib\jfr.jar;C:\Program Files (x86)\Java\jre1.8.0_201\classes"/>
    <property name="user.script" value=""/>
    <property name="sun.management.compiler" value="HotSpot Client Compiler"/>
    <property name="java.runtime.version" value="1.8.0_201-b09"/>
    <property name="user.name" value="mritch3"/>
    <property name="path.separator" value=";"/>
    <property name="os.version" value="10.0"/>
    <property name="java.endorsed.dirs" value="C:\Program Files (x86)\Java\jre1.8.0_201\lib\endorsed"/>
    <property name="java.runtime.name" value="Java(TM) SE Runtime Environment"/>
    <property name="file.encoding" value="Cp1252"/>
    <property name="java.vm.name" value="Java HotSpot(TM) Client VM"/>
    <property name="localRepository" value="C:\Users\mritch3\.m2\repository"/>
    <property name="java.vendor.url.bug" value="http://bugreport.sun.com/bugreport/"/>
    <property name="java.io.tmpdir" value="C:\Users\mritch3\AppData\Local\Temp\"/>
    <property name="java.version" value="1.8.0_201"/>
    <property name="user.dir" value="C:\Users\mritch3\Desktop\AxoNet-fiji"/>
    <property name="os.arch" value="x86"/>
    <property name="java.vm.specification.name" value="Java Virtual Machine Specification"/>
    <property name="java.awt.printerjob" value="sun.awt.windows.WPrinterJob"/>
    <property name="sun.os.patch.level" value=""/>
    <property name="java.library.path" value="C:\Program Files (x86)\Java\jre1.8.0_201\bin;C:\windows\Sun\Java\bin;C:\windows\system32;C:\windows;C:\Program Files\NVIDIA GPU Computing Toolkit\CUDA\v9.1\bin;C:\Program Files\NVIDIA GPU Computing Toolkit\CUDA\v9.1\libnvvp;C:\Program Files (x86)\Common Files\Oracle\Java\javapath;C:\Program Files (x86)\NVIDIA Corporation\PhysX\Common;C:\windows\system32;C:\windows;C:\windows\System32\Wbem;C:\windows\System32\WindowsPowerShell\v1.0\;C:\windows\System32\OpenSSH\;C:\Program Files\Microsoft SQL Server\Client SDK\ODBC\110\Tools\Binn\;C:\Program Files (x86)\Microsoft SQL Server\120\Tools\Binn\;C:\Program Files\Microsoft SQL Server\120\Tools\Binn\;C:\Program Files\Microsoft SQL Server\120\DTS\Binn\;C:\Program Files (x86)\Windows Kits\8.1\Windows Performance Toolkit\;C:\Program Files\MATLAB\R2018b\runtime\win64;C:\Program Files\MATLAB\R2018b\bin;C:\Program Files\FEBio2.8.2\bin;C:\Program Files\Java\jdk-12\bin;C:\Users\mritch3\AppData\Local\Programs\Python\Python37-32\Scripts;C:\Users\mritch3\AppData\Local\Programs\Git\bin;C:\Program Files\CMake\bin;C:\Program Files (x86)\Microsoft Visual Studio\2019\Community\MSBuild\Current\Bin\amd64;C:\Program Files\CMake\bin;C:\Program Files\PuTTY\;C:\Program Files (x86)\Graphviz2.38\bin;C:\Program Files\apache-maven-3.6.1\bin;&quot;C:\Program Files\Java\jdk-12\bin;C:\Users\mritch3\AppData\Local\Microsoft\WindowsApps&quot;;C:\Users\mritch3\AppData\Local\Programs\Git\cmd;C:\Program Files\CMake\bin;."/>
    <property name="java.vm.info" value="mixed mode"/>
    <property name="java.vendor" value="Oracle Corporation"/>
    <property name="java.vm.version" value="25.201-b09"/>
    <property name="java.ext.dirs" value="C:\Program Files (x86)\Java\jre1.8.0_201\lib\ext;C:\windows\Sun\Java\lib\ext"/>
    <property name="sun.io.unicode.encoding" value="UnicodeLittle"/>
    <property name="apple.awt.UIElement" value="true"/>
    <property name="java.class.version" value="52.0"/>
  </properties>
  <testcase name="shouldAnswerWithTrue" classname="gt.ethier.axonet.AppTest" time="0.001"/>
</testsuite>